c:\users\enmoh\source\repos\test\test\x64\release\vc143.pdb
c:\users\enmoh\source\repos\test\test\x64\release\tile.obj
c:\users\enmoh\source\repos\test\test\x64\release\scoreboard.obj
c:\users\enmoh\source\repos\test\test\x64\release\player.obj
c:\users\enmoh\source\repos\test\test\x64\release\menu.obj
c:\users\enmoh\source\repos\test\test\x64\release\main.obj
c:\users\enmoh\source\repos\test\test\x64\release\grid.obj
c:\users\enmoh\source\repos\test\test\x64\release\game.obj
c:\users\enmoh\source\repos\test\test\x64\release\filemanager.obj
c:\users\enmoh\source\repos\test\test\x64\release\animation.obj
c:\users\enmoh\source\repos\test\x64\release\horror edition.exe
c:\users\enmoh\source\repos\test\x64\release\horror edition.pdb
c:\users\enmoh\source\repos\test\test\x64\release\test.res
c:\users\enmoh\source\repos\test\test\x64\release\horror edition.ipdb
c:\users\enmoh\source\repos\test\test\x64\release\horror edition.iobj
c:\users\enmoh\source\repos\test\test\x64\release\horror edition.tlog\cl.command.1.tlog
c:\users\enmoh\source\repos\test\test\x64\release\horror edition.tlog\cl.items.tlog
c:\users\enmoh\source\repos\test\test\x64\release\horror edition.tlog\cl.read.1.tlog
c:\users\enmoh\source\repos\test\test\x64\release\horror edition.tlog\cl.write.1.tlog
c:\users\enmoh\source\repos\test\test\x64\release\horror edition.tlog\link.command.1.tlog
c:\users\enmoh\source\repos\test\test\x64\release\horror edition.tlog\link.read.1.tlog
c:\users\enmoh\source\repos\test\test\x64\release\horror edition.tlog\link.secondary.1.tlog
c:\users\enmoh\source\repos\test\test\x64\release\horror edition.tlog\link.write.1.tlog
c:\users\enmoh\source\repos\test\test\x64\release\horror edition.tlog\rc.command.1.tlog
c:\users\enmoh\source\repos\test\test\x64\release\horror edition.tlog\rc.read.1.tlog
c:\users\enmoh\source\repos\test\test\x64\release\horror edition.tlog\rc.write.1.tlog
