c:\users\enmoh\source\repos\test\test\x64\debug\vc143.pdb
c:\users\enmoh\source\repos\test\test\x64\debug\tile.obj
c:\users\enmoh\source\repos\test\test\x64\debug\grid.obj
c:\users\enmoh\source\repos\test\test\x64\debug\game.obj
c:\users\enmoh\source\repos\test\test\x64\debug\animation.obj
c:\users\enmoh\source\repos\test\test\x64\debug\main.obj
c:\users\enmoh\source\repos\test\test\x64\debug\player.obj
c:\users\enmoh\source\repos\test\test\x64\debug\scoreboard.obj
c:\users\enmoh\source\repos\test\test\x64\debug\menu.obj
c:\users\enmoh\source\repos\test\test\x64\debug\filemanager.obj
c:\users\enmoh\source\repos\test\x64\debug\horror edition.exe
c:\users\enmoh\source\repos\test\x64\debug\horror edition.pdb
c:\users\enmoh\source\repos\test\test\x64\debug\test.res
c:\users\enmoh\source\repos\test\test\x64\debug\horror edition.ilk
c:\users\enmoh\source\repos\test\test\x64\debug\horror edition.tlog\cl.command.1.tlog
c:\users\enmoh\source\repos\test\test\x64\debug\horror edition.tlog\cl.items.tlog
c:\users\enmoh\source\repos\test\test\x64\debug\horror edition.tlog\cl.read.1.tlog
c:\users\enmoh\source\repos\test\test\x64\debug\horror edition.tlog\cl.write.1.tlog
c:\users\enmoh\source\repos\test\test\x64\debug\horror edition.tlog\link.command.1.tlog
c:\users\enmoh\source\repos\test\test\x64\debug\horror edition.tlog\link.read.1.tlog
c:\users\enmoh\source\repos\test\test\x64\debug\horror edition.tlog\link.secondary.1.tlog
c:\users\enmoh\source\repos\test\test\x64\debug\horror edition.tlog\link.write.1.tlog
c:\users\enmoh\source\repos\test\test\x64\debug\horror edition.tlog\rc.command.1.tlog
c:\users\enmoh\source\repos\test\test\x64\debug\horror edition.tlog\rc.read.1.tlog
c:\users\enmoh\source\repos\test\test\x64\debug\horror edition.tlog\rc.write.1.tlog
